Unity Player [version: Unity 4.0.0f7_034d3531fec3]

test.exe caused an Access Violation (0xc0000005)
  in module test.exe at 0023:01431e63.

Error occurred at 2013-04-12_163724.
C:\Users\Madalina\Year 3\Games Project\STR\test.exe, run by Madalina.
47% memory in use.
0 MB physical memory [0 MB free].
0 MB paging file [0 MB free].
0 MB user address space [3724 MB free].
Read from location 00000064 caused an access violation.

Context:
EDI:    0x00000000  ESI: 0x0000000f  EAX:   0x00000000
EBX:    0x03144f6c  ECX: 0x00000000  EDX:   0x80000000
EIP:    0x01431e63  EBP: 0x0014fa84  SegCs: 0x00000023
EFlags: 0x00010287  ESP: 0x0014fa54  SegSs: 0x0000002b

Bytes at CS:EIP:
83 79 64 fe c6 45 ff 00 74 14 39 7d 2c 75 05 39 

Stack:
0x0014fa54: 0314010c 031400ec 03144f6c 61697200 ........lO...ria
0x0014fa64: 74742e6c 00000066 00000000 00000000 l.ttf...........
0x0014fa74: 0000000f 0000002b 031400ec 03144f6c ....+.......lO..
0x0014fa84: 0014fb58 013b8296 0014fb04 00000000 X.....;.........
0x0014fa94: 00000000 00000000 00000000 40800000 ...............@
0x0014faa4: 3f800000 00000001 00000000 00000030 ...?........0...
0x0014fab4: 00000000 00000026 031400ec 00000003 ....&...........
0x0014fac4: 00000003 03137f00 030da590 ffffd8e2 ................
0x0014fad4: 00000003 ffffffff 0014fafc 012a8366 ............f.*.
0x0014fae4: 0014faf4 0114fb28 03137f00 03138010 ....(...........
0x0014faf4: 0000039d ffffffff 0014fb2c 014202ce ........,.....B.
0x0014fb04: 031450e8 00000004 03137f01 030da590 .P..............
0x0014fb14: 050ee44c 050ee764 030da590 050ee764 L...d.......d...
0x0014fb24: 050ee764 0014fb40 013a39e6 03138000 d...@....9:.....
0x0014fb34: 03137f00 031400ec 013a3a21 0014fb58 ........!::.X...
0x0014fb44: 013b821f ffffd8e2 00000026 031400ec ..;.....&.......
0x0014fb54: 031400ec 0014fb64 013b8744 05297750 ....d...D.;.Pw).
0x0014fb64: 0014fb94 014b8147 0000273e 00000188 ....G.K.>'......
0x0014fb74: 052966b4 05297914 030da590 050ee2cc .f)..y).........
0x0014fb84: 050ee764 030da590 050ee764 050ee764 d.......d...d...
0x0014fb94: 0014fbd0 014b83d3 052966b4 00002a00 ......K..f)..*..
0x0014fba4: 00000003 00000000 052966b4 00000018 .........f).....
0x0014fbb4: 00000188 014b75b0 01a36de5 0312eec0 .....uK..m......
0x0014fbc4: 00000001 00000003 0312eef0 0014fbe0 ................
0x0014fbd4: 014b9b83 00000003 00000000 0014fc10 ..K.............
0x0014fbe4: 0147c824 0312eec0 0000000f 0312ee2c $.G.........,...
0x0014fbf4: 6e69616d 61746144 0014fb00 031199f4 mainData........
0x0014fc04: 00000008 0000000f 0000002b 0014fc24 ........+...$...
0x0014fc14: 014696d2 0312eec0 031199f4 0312ee2c ..F.........,...
0x0014fc24: 0014fc34 0146a712 031199f4 031199f4 4.....F.........
0x0014fc34: 0014fcf8 0146a8c4 3b83126f 0000000f ......F.o..;....
0x0014fc44: 0312ee2c 00000000 0146777b 75d65f74 ,.......{wF.t_.u
0x0014fc54: 00000000 00000000 00000000 0000002c ............,...
0x0014fc64: 00000000 00000000 00000000 0000002c ............,...
0x0014fc74: 00000000 00000000 00000000 0000002c ............,...
0x0014fc84: 00000000 00000000 00000000 0000002c ............,...
0x0014fc94: 00000000 00000000 00000000 0000002c ............,...
0x0014fca4: 00000000 00000000 00000000 0000002c ............,...
0x0014fcb4: 00000000 00000000 75d660dc 6e696100 .........`.u.ain
0x0014fcc4: 61746144 77138800 723b26e0 00000000 Data...w.&;r....
0x0014fcd4: 0000000f 0000002b 0312f800 0014fcec ....+...........
0x0014fce4: 75d65f74 00000000 00000000 0000000f t_.u............
0x0014fcf4: 0000002b 0014fd28 014fd2d0 00000010 +...(.....O.....
0x0014fd04: 00000000 00070ba2 000000a0 00000002 ................
0x0014fd14: 0041009d 016387cc 0000009d 00000041 ..A...c.....A...
0x0014fd24: 000005f4 0014fe30 014fe57f 00000000 ....0.....O.....
0x0014fd34: 00000000 fffde000 030d7c84 771771d5 .........|...q.w
0x0014fd44: 01503798 fffffffe 0000002a 0000002f .7P.....*.../...
0x0014fd54: 0000002b 030d85a4 030d85dc 030d85dc +...............
0x0014fd64: 0000000f 030d7cc8 0014fd9c 01665c69 .....|......i\f.
0x0014fd74: 00ad2c28 00000034 0000003f 0000002b (,..4...?...+...
0x0014fd84: 030d8500 00000000 01b748f0 00ad1e88 .........H......
0x0014fd94: 00000000 0000000f 0000002b 030d0000 ........+.......
0x0014fda4: 0164ac4f 00ad0000 00000000 00000000 O.d.............
0x0014fdb4: 00000007 0000002b 6f6e6f00 6374652f ....+....ono/etc
0x0014fdc4: ffffff00 00000024 00000000 0000000f ....$...........
0x0014fdd4: 0000002b 030d7de4 fffde000 01a1adec +....}..........
0x0014fde4: 0014fe14 00000043 0000004f 0000002b ....C...O...+...
0x0014fdf4: 6f6e6f4d 6e6f6d2f 6c642e6f 0000006c Mono/mono.dll...
0x0014fe04: 0000000d 0000000f 0000002b 030d8600 ........+.......
0x0014fe14: 00140067 016675ec 00000000 00000000 g....uf.........
0x0014fe24: 0000000f 0000002b 01ffff01 0014fe48 ....+.......H...
0x0014fe34: 0161fad8 012a0000 00000000 004852ee ..a...*......RH.
0x0014fe44: 00000001 0014fed8 01650d40 012a0000 ........@.e...*.
0x0014fe54: 00000000 004852ee 00000001 9283c8dd .....RH.........
0x0014fe64: 00000000 00000000 fffde000 00000044 ............D...
0x0014fe74: 004833c4 004833a4 0048333c 00000000 .3H..3H.<3H.....
0x0014fe84: 00000000 00000000 00000000 00000000 ................
0x0014fe94: 00000000 00000000 00000001 00000001 ................
0x0014fea4: 00000000 00000000 0014fed4 01661a22 ............".f.
0x0014feb4: c0000005 00000000 00000000 0014fe60 ............`...
0x0014fec4: 0014f49c 0014ff14 01652510 93221b8d .........%e...".
0x0014fed4: 00000000 0014fee4 764033aa fffde000 .........3@v....
0x0014fee4: 0014ff24 77139ef2 fffde000 76561ae4 $......w......Vv
0x0014fef4: 00000000 00000000 fffde000 c0000005 ................
0x0014ff04: 76427717 76427717 0014fef0 0014f4a0 .wBv.wBv........
0x0014ff14: ffffffff 771771d5 015020f0 00000000 .....q.w. P.....
0x0014ff24: 0014ff3c 77139ec5 01650d93 fffde000 <......w..e.....
0x0014ff34: 00000000 00000000 00000000 00000000 ................
0x0014ff44: 01650d93 fffde000 00000000 00000000 ..e.............
0x0014ff54: 00000000 00000000 00000000 00000000 ................
0x0014ff64: 00000000 00000000 00000000 00000000 ................
0x0014ff74: 00000000 00000000 00000000 00000000 ................
0x0014ff84: 00000000 00000000 00000000 00000000 ................
0x0014ff94: 00000000 00000000 00000000 00000000 ................
0x0014ffa4: 00000000 00000000 00000000 00000000 ................
0x0014ffb4: 00000000 00000000 00000000 00000000 ................
0x0014ffc4: 00000000 00000000 00000000 00000000 ................
0x0014ffd4: 00000000 00000000 00000000 00000000 ................
0x0014ffe4: 00000000 00000000 00000000 00000000 ................
0x0014fff4: 00000000 00000000 00000000          ............

Module 1
C:\Users\Madalina\Year 3\Games Project\STR\test.exe
Image Base: 0x012a0000  Image Size: 0x00a29000
File Size:  10078720    File Time:  2013-04-12_163632
Version:
   Company:    
   Product:    
   FileDesc:   
   FileVer:    4.0.0.62010
   ProdVer:    4.0.0.62010

Module 2
C:\Windows\system32\xinput1_3.dll
Image Base: 0x00400000  Image Size: 0x00016000
File Size:  81768       File Time:  2007-04-04_185342
Version:
   Company:    Microsoft Corporation
   Product:    Microsoft® DirectX for Windows®
   FileDesc:   Microsoft Common Controller API
   FileVer:    9.18.944.0
   ProdVer:    9.18.944.0

Module 3
C:\Users\Madalina\Year 3\Games Project\STR\test_Data\Mono\mono.dll
Image Base: 0x10000000  Image Size: 0x0022a000
File Size:  2092544     File Time:  2012-11-12_221444
Version:
   Company:    
   Product:    
   FileDesc:   
   FileVer:    0.0.0.0
   ProdVer:    0.0.0.0

Module 4
C:\Windows\system32\dsound.dll
Image Base: 0x502a0000  Image Size: 0x00072000
File Size:  453632      File Time:  2009-07-14_021514
Version:
   Company:    Microsoft Corporation
   Product:    Microsoft® Windows® Operating System
   FileDesc:   DirectSound
   FileVer:    6.1.7600.16385
   ProdVer:    6.1.7600.16385

Module 5
C:\Windows\system32\DDRAW.dll
Image Base: 0x50640000  Image Size: 0x000e7000
File Size:  531968      File Time:  2009-07-14_021512
Version:
   Company:    Microsoft Corporation
   Product:    Microsoft® Windows® Operating System
   FileDesc:   Microsoft DirectDraw
   FileVer:    6.1.7600.16385
   ProdVer:    6.1.7600.16385

Module 6
C:\Windows\system32\OPENGL32.dll
Image Base: 0x50730000  Image Size: 0x000c8000
File Size:  791552      File Time:  2009-07-14_021614
Version:
   Company:    Microsoft Corporation
   Product:    Microsoft® Windows® Operating System
   FileDesc:   OpenGL Client DLL
   FileVer:    6.1.7600.16385
   ProdVer:    6.1.7600.16385

Module 7
C:\Windows\system32\DCIMAN32.dll
Image Base: 0x508e0000  Image Size: 0x00006000
File Size:  10240       File Time:  2009-07-14_021510
Version:
   Company:    Microsoft Corporation
   Product:    Microsoft® Windows® Operating System
   FileDesc:   DCI Manager
   FileVer:    6.1.7600.16385
   ProdVer:    6.1.7600.16385

Module 8
C:\Windows\system32\GLU32.dll
Image Base: 0x508f0000  Image Size: 0x00022000
File Size:  130048      File Time:  2009-07-14_021524
Version:
   Company:    Microsoft Corporation
   Product:    Microsoft® Windows® Operating System
   FileDesc:   OpenGL Utility Library DLL
   FileVer:    6.1.7600.16385
   ProdVer:    6.1.7600.16385

Module 9
C:\Windows\system32\icm32.dll
Image Base: 0x52ab0000  Image Size: 0x00038000
File Size:  215040      File Time:  2009-07-14_021528
Version:
   Company:    Microsoft Corporation
   Product:    Microsoft® Windows® Operating System
   FileDesc:   Microsoft Color Management Module (CMM)
   FileVer:    6.1.7600.16385
   ProdVer:    6.1.7600.16385

Module 10
C:\Windows\system32\wdmaud.drv
Image Base: 0x60790000  Image Size: 0x00030000
File Size:  172032      File Time:  2010-11-21_042402
Version:
   Company:    Microsoft Corporation
   Product:    Microsoft® Windows® Operating System
   FileDesc:   Winmm  audio system driver
   FileVer:    6.1.7601.17514
   ProdVer:    6.1.7601.17514

Module 11
C:\Windows\system32\midimap.dll
Image Base: 0x643d0000  Image Size: 0x00007000
File Size:  16896       File Time:  2009-07-14_021542
Version:
   Company:    Microsoft Corporation
   Product:    Microsoft® Windows® Operating System
   FileDesc:   Microsoft MIDI Mapper
   FileVer:    6.1.7600.16385
   ProdVer:    6.1.7600.16385

Module 12
C:\Windows\system32\msacm32.drv
Image Base: 0x643e0000  Image Size: 0x00008000
File Size:  20992       File Time:  2009-07-14_021410
Version:
   Company:    Microsoft Corporation
   Product:    Microsoft® Windows® Operating System
   FileDesc:   Microsoft Sound Mapper
   FileVer:    6.1.7600.16385
   ProdVer:    6.1.7600.16385

Module 13
C:\Windows\system32\MSACM32.dll
Image Base: 0x649a0000  Image Size: 0x00014000
File Size:  72192       File Time:  2009-07-14_021544
Version:
   Company:    Microsoft Corporation
   Product:    Microsoft® Windows® Operating System
   FileDesc:   Microsoft ACM Audio Filter
   FileVer:    6.1.7600.16385
   ProdVer:    6.1.7600.16385

Module 14
C:\Windows\system32\atiumdag.dll
Image Base: 0x66240000  Image Size: 0x005b1000
File Size:  5933056     File Time:  2012-03-13_181722
Version:
   Company:    Advanced Micro Devices, Inc. 
   Product:    Advanced Micro Devices, Inc. Radeon DirectX Universal Driver
   FileDesc:   atiumdag.dll
   FileVer:    7.14.10.889
   ProdVer:    7.14.10.889

Module 15
C:\Windows\system32\atiumdva.dll
Image Base: 0x669b0000  Image Size: 0x0040c000
File Size:  4206592     File Time:  2012-03-13_181738
Version:
   Company:    Advanced Micro Devices, Inc. 
   Product:    Advanced Micro Devices, Inc. Radeon Video Acceleration Universal Driver
   FileDesc:   Radeon Video Acceleration Universal Driver
   FileVer:    8.14.10.342
   ProdVer:    8.14.10.342

Module 16
C:\Windows\system32\DXGIDebug.dll
Image Base: 0x6e850000  Image Size: 0x00019000
File Size:  102344      File Time:  2012-07-25_212528
Version:
   Company:    Microsoft Corporation
   Product:    Microsoft® DirectX for Windows®
   FileDesc:   DXGI Debug Binary
   FileVer:    9.30.960.9200
   ProdVer:    9.30.960.9200

Module 17
C:\Windows\system32\ksuser.dll
Image Base: 0x6ee50000  Image Size: 0x00004000
File Size:  4608        File Time:  2009-07-14_021536
Version:
   Company:    Microsoft Corporation
   Product:    Microsoft® Windows® Operating System
   FileDesc:   User CSA Library
   FileVer:    6.1.7600.16385
   ProdVer:    6.1.7600.16385

Module 18
C:\Windows\system32\AVRT.dll
Image Base: 0x6ee60000  Image Size: 0x00007000
File Size:  14336       File Time:  2009-07-14_021500
Version:
   Company:    Microsoft Corporation
   Product:    Microsoft® Windows® Operating System
   FileDesc:   Multimedia Realtime Runtime
   FileVer:    6.1.7600.16385
   ProdVer:    6.1.7600.16385

Module 19
C:\Windows\system32\aticfx32.dll
Image Base: 0x6f470000  Image Size: 0x000c4000
File Size:  778752      File Time:  2012-03-13_181530
Version:
   Company:    Advanced Micro Devices, Inc. 
   Product:    AMD Inc. Radeon DirectX 11 Driver
   FileDesc:   aticfx32.dll
   FileVer:    8.17.10.1114
   ProdVer:    8.17.10.1114

Module 20
C:\Windows\system32\MMDevAPI.DLL
Image Base: 0x6f540000  Image Size: 0x00039000
File Size:  213504      File Time:  2010-11-21_042352
Version:
   Company:    Microsoft Corporation
   Product:    Microsoft® Windows® Operating System
   FileDesc:   MMDevice API
   FileVer:    6.1.7601.17514
   ProdVer:    6.1.7601.17514

Module 21
C:\Windows\system32\AUDIOSES.DLL
Image Base: 0x6f580000  Image Size: 0x00036000
File Size:  195584      File Time:  2010-11-21_042356
Version:
   Company:    Microsoft Corporation
   Product:    Microsoft® Windows® Operating System
   FileDesc:   Audio Session
   FileVer:    6.1.7601.17514
   ProdVer:    6.1.7601.17514

Module 22
C:\Windows\system32\mscms.dll
Image Base: 0x6f5c0000  Image Size: 0x00079000
File Size:  481792      File Time:  2010-11-21_042444
Version:
   Company:    Microsoft Corporation
   Product:    Microsoft® Windows® Operating System
   FileDesc:   Microsoft Color Matching System DLL
   FileVer:    6.1.7601.17514
   ProdVer:    6.1.7601.17514

Module 23
C:\Windows\system32\atiu9pag.dll
Image Base: 0x70a90000  Image Size: 0x0000b000
File Size:  29696       File Time:  2012-03-13_181654
Version:
   Company:    Advanced Micro Devices, Inc. 
   Product:    Advanced Micro Devices, Inc PowerXpress Vista User Mode Driver
   FileDesc:   atiu9pag.dll
   FileVer:    8.14.1.6248
   ProdVer:    8.14.1.6248

Module 24
C:\Windows\system32\dbghelp.dll
Image Base: 0x70ed0000  Image Size: 0x000eb000
File Size:  854016      File Time:  2010-11-21_042410
Version:
   Company:    Microsoft Corporation
   Product:    Microsoft® Windows® Operating System
   FileDesc:   Windows Image Helper
   FileVer:    6.1.7601.17514
   ProdVer:    6.1.7601.17514

Module 25
C:\Windows\system32\PROPSYS.dll
Image Base: 0x71310000  Image Size: 0x000f5000
File Size:  988160      File Time:  2010-11-21_042410
Version:
   Company:    Microsoft Corporation
   Product:    Windows® Search
   FileDesc:   Microsoft Property System
   FileVer:    7.0.7601.17514
   ProdVer:    7.0.7601.17514

Module 26
C:\Windows\WinSxS\x86_microsoft.windows.common-controls_6595b64144ccf1df_6.0.7601.17514_none_41e6975e2bd6f2b2\comctl32.dll
Image Base: 0x714d0000  Image Size: 0x0019e000
File Size:  1680896     File Time:  2010-11-21_042356
Version:
   Company:    Microsoft Corporation
   Product:    Microsoft® Windows® Operating System
   FileDesc:   User Experience Controls Library
   FileVer:    6.10.7601.17514
   ProdVer:    6.1.7601.17514

Module 27
C:\Windows\system32\HID.DLL
Image Base: 0x72380000  Image Size: 0x00009000
File Size:  22016       File Time:  2009-07-14_021526
Version:
   Company:    Microsoft Corporation
   Product:    Microsoft® Windows® Operating System
   FileDesc:   Hid User Library
   FileVer:    6.1.7600.16385
   ProdVer:    6.1.7600.16385

Module 28
C:\Windows\system32\WINMM.dll
Image Base: 0x723b0000  Image Size: 0x00032000
File Size:  194048      File Time:  2010-11-21_042418
Version:
   Company:    Microsoft Corporation
   Product:    Microsoft® Windows® Operating System
   FileDesc:   MCI API DLL
   FileVer:    6.1.7601.17514
   ProdVer:    6.1.7601.17514

Module 29
C:\Windows\system32\POWRPROF.dll
Image Base: 0x723f0000  Image Size: 0x00025000
File Size:  145408      File Time:  2009-07-14_021614
Version:
   Company:    Microsoft Corporation
   Product:    Microsoft® Windows® Operating System
   FileDesc:   Power Profile Helper DLL
   FileVer:    6.1.7600.16385
   ProdVer:    6.1.7600.16385

Module 30
C:\Windows\system32\d3d8thk.dll
Image Base: 0x725f0000  Image Size: 0x00006000
File Size:  11264       File Time:  2009-07-14_021510
Version:
   Company:    Microsoft Corporation
   Product:    Microsoft® Windows® Operating System
   FileDesc:   Microsoft Direct3D OS Thunk Layer
   FileVer:    6.1.7600.16385
   ProdVer:    6.1.7600.16385

Module 31
C:\Windows\system32\d3d9.dll
Image Base: 0x72600000  Image Size: 0x001c3000
File Size:  1828352     File Time:  2010-11-21_042424
Version:
   Company:    Microsoft Corporation
   Product:    Microsoft® Windows® Operating System
   FileDesc:   Direct3D 9 Runtime
   FileVer:    6.1.7601.17514
   ProdVer:    6.1.7601.17514

Module 32
C:\Windows\system32\uxtheme.dll
Image Base: 0x72a80000  Image Size: 0x00080000
File Size:  245760      File Time:  2009-07-14_021126
Version:
   Company:    Microsoft Corporation
   Product:    Microsoft® Windows® Operating System
   FileDesc:   Microsoft UxTheme Library
   FileVer:    6.1.7600.16385
   ProdVer:    6.1.7600.16385

Module 33
C:\Windows\system32\dwmapi.dll
Image Base: 0x72b90000  Image Size: 0x00013000
File Size:  67072       File Time:  2009-07-14_021514
Version:
   Company:    Microsoft Corporation
   Product:    Microsoft® Windows® Operating System
   FileDesc:   Microsoft Desktop Window Manager API
   FileVer:    6.1.7600.16385
   ProdVer:    6.1.7600.16385

Module 34
C:\Windows\system32\USERENV.dll
Image Base: 0x72d30000  Image Size: 0x00017000
File Size:  81920       File Time:  2010-11-21_042418
Version:
   Company:    Microsoft Corporation
   Product:    Microsoft® Windows® Operating System
   FileDesc:   Userenv
   FileVer:    6.1.7601.17514
   ProdVer:    6.1.7601.17514

Module 35
C:\Windows\system32\DNSAPI.dll
Image Base: 0x72e50000  Image Size: 0x00044000
File Size:  270336      File Time:  2012-02-24_011736
Version:
   Company:    Microsoft Corporation
   Product:    Microsoft® Windows® Operating System
   FileDesc:   DNS Client API DLL
   FileVer:    6.1.7601.17570
   ProdVer:    6.1.7601.17570

Module 36
C:\Windows\system32\MSWSOCK.dll
Image Base: 0x72ed0000  Image Size: 0x0003c000
File Size:  232448      File Time:  2010-11-21_042410
Version:
   Company:    Microsoft Corporation
   Product:    Microsoft® Windows® Operating System
   FileDesc:   Microsoft Windows Sockets 2.0 Service Provider
   FileVer:    6.1.7601.17514
   ProdVer:    6.1.7601.17514

Module 37
C:\Windows\system32\profapi.dll
Image Base: 0x73070000  Image Size: 0x0000b000
File Size:  31744       File Time:  2009-07-14_021614
Version:
   Company:    Microsoft Corporation
   Product:    Microsoft® Windows® Operating System
   FileDesc:   User Profile Basic API
   FileVer:    6.1.7600.16385
   ProdVer:    6.1.7600.16385

Module 38
C:\Windows\system32\webio.dll
Image Base: 0x730d0000  Image Size: 0x0004f000
File Size:  314880      File Time:  2012-02-24_012406
Version:
   Company:    Microsoft Corporation
   Product:    Microsoft® Windows® Operating System
   FileDesc:   Web Transfer Protocols API
   FileVer:    6.1.7601.17725
   ProdVer:    6.1.7601.17725

Module 39
C:\Windows\system32\WINHTTP.dll
Image Base: 0x73120000  Image Size: 0x00058000
File Size:  351232      File Time:  2010-11-21_042410
Version:
   Company:    Microsoft Corporation
   Product:    Microsoft® Windows® Operating System
   FileDesc:   Windows HTTP Services
   FileVer:    6.1.7601.17514
   ProdVer:    6.1.7601.17514

Module 40
C:\Windows\system32\VERSION.dll
Image Base: 0x73640000  Image Size: 0x00009000
File Size:  21504       File Time:  2009-07-14_021618
Version:
   Company:    Microsoft Corporation
   Product:    Microsoft® Windows® Operating System
   FileDesc:   Version Checking and File Installation Libraries
   FileVer:    6.1.7600.16385
   ProdVer:    6.1.7600.16385

Module 41
C:\Windows\system32\WINNSI.DLL
Image Base: 0x73650000  Image Size: 0x00007000
File Size:  16896       File Time:  2009-07-14_021620
Version:
   Company:    Microsoft Corporation
   Product:    Microsoft® Windows® Operating System
   FileDesc:   Network Store Information RPC interface
   FileVer:    6.1.7600.16385
   ProdVer:    6.1.7600.16385

Module 42
C:\Windows\system32\IPHLPAPI.DLL
Image Base: 0x73660000  Image Size: 0x0001c000
File Size:  103936      File Time:  2010-11-21_042434
Version:
   Company:    Microsoft Corporation
   Product:    Microsoft® Windows® Operating System
   FileDesc:   IP Helper API
   FileVer:    6.1.7601.17514
   ProdVer:    6.1.7601.17514

Module 43
C:\Windows\syswow64\CRYPTBASE.dll
Image Base: 0x747d0000  Image Size: 0x0000c000
File Size:  36864       File Time:  2009-07-14_021508
Version:
   Company:    Microsoft Corporation
   Product:    Microsoft® Windows® Operating System
   FileDesc:   Base cryptographic API DLL
   FileVer:    6.1.7600.16385
   ProdVer:    6.1.7600.16385

Module 44
C:\Windows\syswow64\SspiCli.dll
Image Base: 0x747e0000  Image Size: 0x00060000
File Size:  96768       File Time:  2012-06-02_053410
Version:
   Company:    Microsoft Corporation
   Product:    Microsoft® Windows® Operating System
   FileDesc:   Security Support Provider Interface
   FileVer:    6.1.7601.17856
   ProdVer:    6.1.7601.17856

Module 45
C:\Windows\syswow64\SHLWAPI.dll
Image Base: 0x74840000  Image Size: 0x00057000
File Size:  350208      File Time:  2010-11-21_042350
Version:
   Company:    Microsoft Corporation
   Product:    Microsoft® Windows® Operating System
   FileDesc:   Shell Light-weight Utility Library
   FileVer:    6.1.7601.17514
   ProdVer:    6.1.7601.17514

Module 46
C:\Windows\syswow64\USP10.dll
Image Base: 0x748a0000  Image Size: 0x0009d000
File Size:  626688      File Time:  2012-11-22_054504
Version:
   Company:    Microsoft Corporation
   Product:    Microsoft(R) Uniscribe Unicode script processor
   FileDesc:   Uniscribe Unicode script processor
   FileVer:    1.626.7601.18009
   ProdVer:    1.626.7601.18009

Module 47
C:\Windows\syswow64\IMM32.dll
Image Base: 0x749c0000  Image Size: 0x00060000
File Size:  119808      File Time:  2010-11-21_042426
Version:
   Company:    Microsoft Corporation
   Product:    Microsoft® Windows® Operating System
   FileDesc:   Multi-User Windows IMM32 API Client DLL
   FileVer:    6.1.7601.17514
   ProdVer:    6.1.7601.17514

Module 48
C:\Windows\syswow64\OLEAUT32.dll
Image Base: 0x74a20000  Image Size: 0x0008f000
File Size:  571904      File Time:  2012-02-24_012306
Version:
   Company:    Microsoft Corporation
   Product:    
   FileDesc:   
   FileVer:    6.1.7601.17676
   ProdVer:    6.1.7601.17676

Module 49
C:\Windows\syswow64\NSI.dll
Image Base: 0x74ab0000  Image Size: 0x00006000
File Size:  8704        File Time:  2009-07-14_021612
Version:
   Company:    Microsoft Corporation
   Product:    Microsoft® Windows® Operating System
   FileDesc:   NSI User-mode interface DLL
   FileVer:    6.1.7600.16385
   ProdVer:    6.1.7600.16385

Module 50
C:\Windows\syswow64\WS2_32.dll
Image Base: 0x74ac0000  Image Size: 0x00035000
File Size:  206848      File Time:  2010-11-21_042356
Version:
   Company:    Microsoft Corporation
   Product:    Microsoft® Windows® Operating System
   FileDesc:   Windows Socket 2.0 32-Bit DLL
   FileVer:    6.1.7601.17514
   ProdVer:    6.1.7601.17514

Module 51
C:\Windows\syswow64\ADVAPI32.dll
Image Base: 0x74e10000  Image Size: 0x000a0000
File Size:  640512      File Time:  2010-11-21_042430
Version:
   Company:    Microsoft Corporation
   Product:    Microsoft® Windows® Operating System
   FileDesc:   Advanced Windows 32 Base API
   FileVer:    6.1.7601.17514
   ProdVer:    6.1.7601.17514

Module 52
C:\Windows\syswow64\MSCTF.dll
Image Base: 0x74eb0000  Image Size: 0x000cc000
File Size:  828928      File Time:  2009-07-14_021544
Version:
   Company:    Microsoft Corporation
   Product:    Microsoft® Windows® Operating System
   FileDesc:   MSCTF Server DLL
   FileVer:    6.1.7600.16385
   ProdVer:    6.1.7600.16385

Module 53
C:\Windows\syswow64\ole32.dll
Image Base: 0x74f80000  Image Size: 0x0015c000
File Size:  1414144     File Time:  2010-11-21_042402
Version:
   Company:    Microsoft Corporation
   Product:    Microsoft® Windows® Operating System
   FileDesc:   Microsoft OLE for Windows
   FileVer:    6.1.7601.17514
   ProdVer:    6.1.7601.17514

Module 54
C:\Windows\syswow64\MSASN1.dll
Image Base: 0x750e0000  Image Size: 0x0000c000
File Size:  34304       File Time:  2010-11-21_042350
Version:
   Company:    Microsoft Corporation
   Product:    Microsoft® Windows® Operating System
   FileDesc:   ASN.1 Runtime APIs
   FileVer:    6.1.7601.17514
   ProdVer:    6.1.7601.17514

Module 55
C:\Windows\syswow64\SHELL32.dll
Image Base: 0x750f0000  Image Size: 0x00c4a000
File Size:  12873728    File Time:  2012-06-09_054102
Version:
   Company:    Microsoft Corporation
   Product:    Microsoft® Windows® Operating System
   FileDesc:   Windows Shell Common Dll
   FileVer:    6.1.7601.17859
   ProdVer:    6.1.7601.17859

Module 56
C:\Windows\syswow64\USER32.dll
Image Base: 0x75d40000  Image Size: 0x00100000
File Size:  833024      File Time:  2010-11-21_042422
Version:
   Company:    Microsoft Corporation
   Product:    Microsoft® Windows® Operating System
   FileDesc:   Multi-User Windows USER API Client DLL
   FileVer:    6.1.7601.17514
   ProdVer:    6.1.7601.17514

Module 57
C:\Windows\syswow64\LPK.dll
Image Base: 0x75e90000  Image Size: 0x0000a000
File Size:  25600       File Time:  2009-07-14_021124
Version:
   Company:    Microsoft Corporation
   Product:    Microsoft® Windows® Operating System
   FileDesc:   Language Pack
   FileVer:    6.1.7600.16385
   ProdVer:    6.1.7600.16385

Module 58
C:\Windows\syswow64\msvcrt.dll
Image Base: 0x75f90000  Image Size: 0x000ac000
File Size:  690688      File Time:  2011-12-16_085300
Version:
   Company:    Microsoft Corporation
   Product:    Microsoft® Windows® Operating System
   FileDesc:   Windows NT CRT DLL
   FileVer:    7.0.7601.17744
   ProdVer:    6.1.8638.17744

Module 59
C:\Windows\syswow64\SETUPAPI.dll
Image Base: 0x76040000  Image Size: 0x0019d000
File Size:  1667584     File Time:  2010-11-21_042352
Version:
   Company:    Microsoft Corporation
   Product:    Microsoft® Windows® Operating System
   FileDesc:   Windows Setup API
   FileVer:    6.1.7601.17514
   ProdVer:    6.1.7601.17514

Module 60
C:\Windows\syswow64\CRYPT32.dll
Image Base: 0x761e0000  Image Size: 0x0011e000
File Size:  1159680     File Time:  2012-06-02_053630
Version:
   Company:    Microsoft Corporation
   Product:    Microsoft® Windows® Operating System
   FileDesc:   Crypto API32
   FileVer:    6.1.7601.17856
   ProdVer:    6.1.7601.17856

Module 61
C:\Windows\syswow64\GDI32.dll
Image Base: 0x76300000  Image Size: 0x00090000
File Size:  311296      File Time:  2010-11-21_042416
Version:
   Company:    Microsoft Corporation
   Product:    Microsoft® Windows® Operating System
   FileDesc:   GDI Client DLL
   FileVer:    6.1.7601.17514
   ProdVer:    6.1.7601.17514

Module 62
C:\Windows\syswow64\KERNELBASE.dll
Image Base: 0x76390000  Image Size: 0x00047000
File Size:  274944      File Time:  2012-11-30_055400
Version:
   Company:    Microsoft Corporation
   Product:    Microsoft® Windows® Operating System
   FileDesc:   Windows NT BASE API Client DLL
   FileVer:    6.1.7601.18015
   ProdVer:    6.1.7601.18015

Module 63
C:\Windows\syswow64\PSAPI.DLL
Image Base: 0x763e0000  Image Size: 0x00005000
File Size:  6144        File Time:  2009-07-14_021614
Version:
   Company:    Microsoft Corporation
   Product:    Microsoft® Windows® Operating System
   FileDesc:   Process Status Helper
   FileVer:    6.1.7600.16385
   ProdVer:    6.1.7600.16385

Module 64
C:\Windows\syswow64\kernel32.dll
Image Base: 0x763f0000  Image Size: 0x00110000
File Size:  1114112     File Time:  2012-11-30_055400
Version:
   Company:    Microsoft Corporation
   Product:    Microsoft® Windows® Operating System
   FileDesc:   Windows NT BASE API Client DLL
   FileVer:    6.1.7601.18015
   ProdVer:    6.1.7601.18015

Module 65
C:\Windows\syswow64\CLBCatQ.DLL
Image Base: 0x76500000  Image Size: 0x00083000
File Size:  522240      File Time:  2009-07-14_021504
Version:
   Company:    Microsoft Corporation
   Product:    Microsoft® Windows® Operating System
   FileDesc:   COM+ Configuration Catalog
   FileVer:    2001.12.8530.16385
   ProdVer:    6.1.7600.16385

Module 66
C:\Windows\syswow64\WINTRUST.dll
Image Base: 0x76590000  Image Size: 0x0002d000
File Size:  172544      File Time:  2012-08-24_175750
Version:
   Company:    Microsoft Corporation
   Product:    Microsoft® Windows® Operating System
   FileDesc:   Microsoft Trust Verification APIs
   FileVer:    6.1.7601.17940
   ProdVer:    6.1.7601.17940

Module 67
C:\Windows\SysWOW64\sechost.dll
Image Base: 0x766e0000  Image Size: 0x00019000
File Size:  92160       File Time:  2009-07-14_021614
Version:
   Company:    Microsoft Corporation
   Product:    Microsoft® Windows® Operating System
   FileDesc:   Host for SCM/SDDL/LSA Lookup APIs
   FileVer:    6.1.7600.16385
   ProdVer:    6.1.7600.16385

Module 68
C:\Windows\syswow64\DEVOBJ.dll
Image Base: 0x76700000  Image Size: 0x00012000
File Size:  64512       File Time:  2012-02-24_012010
Version:
   Company:    Microsoft Corporation
   Product:    Microsoft® Windows® Operating System
   FileDesc:   Device Information Set DLL
   FileVer:    6.1.7601.17621
   ProdVer:    6.1.7601.17621

Module 69
C:\Windows\syswow64\CFGMGR32.dll
Image Base: 0x76720000  Image Size: 0x00027000
File Size:  145920      File Time:  2012-02-24_012010
Version:
   Company:    Microsoft Corporation
   Product:    Microsoft® Windows® Operating System
   FileDesc:   Configuration Manager DLL
   FileVer:    6.1.7601.17621
   ProdVer:    6.1.7601.17621

Module 70
C:\Windows\syswow64\RPCRT4.dll
Image Base: 0x76750000  Image Size: 0x000f0000
File Size:  663040      File Time:  2010-11-21_042412
Version:
   Company:    Microsoft Corporation
   Product:    Microsoft® Windows® Operating System
   FileDesc:   Remote Procedure Call Runtime
   FileVer:    6.1.7601.17514
   ProdVer:    6.1.7601.17514

Module 71
C:\Windows\SysWOW64\ntdll.dll
Image Base: 0x77100000  Image Size: 0x00180000
File Size:  1292080     File Time:  2012-02-24_012722
Version:
   Company:    Microsoft Corporation
   Product:    Microsoft® Windows® Operating System
   FileDesc:   NT Layer DLL
   FileVer:    6.1.7601.17725
   ProdVer:    6.1.7601.17725


== [end of error.log] ==
